{"name": "test_faithfulness[get_data4]", "status": "failed", "statusDetails": {"message": "AssertionError: ❌ Faithfulness score too low: 0.0. Expected > 0.7", "trace": "self = <tests.test_loyalty_tier_offers.TestLoyaltyTierOffers object at 0x00000230526CE900>\nget_llm_wrapper = LangchainLLMWrapper(langchain_llm=ChatOpenAI(...))\nget_data = SingleTurnSample(user_input='What happens in a two-passenger one-way scenario with FF numbers?', retrieved_contexts=['...der with FF# allows both passengers to receive discounted offers.', multi_responses=None, reference=None, rubrics=None)\nlogger = <Logger pytest_logger (DEBUG)>\n\n    @allure.severity(allure.severity_level.CRITICAL)\n    @allure.description(\n        \"Validates that the model response remains faithful to the reference context for loyalty tier offers.\")\n    @pytest.mark.asyncio\n    @pytest.mark.parametrize(\"get_data\", IronMan.load_test_data(feature_name), indirect=True)\n    async def test_faithfulness(self, get_llm_wrapper, get_data, logger):\n        \"\"\"\n        Test to validate faithfulness score using reusable helper class.\n        \"\"\"\n        evaluator = MetricsEvaluator(get_llm_wrapper)\n        score = await evaluator.get_faithfulness_score(get_data)\n        logger.info(f\"Faithfulness Score: {score}\")\n    \n        # Validation threshold\n>       Assertions.assert_faithfulness(score)\n\ntest_loyalty_tier_offers.py:29: \n_ _ _ _ _ _ _ _ _ _ _ _ _ _ _ _ _ _ _ _ _ _ _ _ _ _ _ _ _ _ _ _ _ _ _ _ _ _ _ _\n\nscore = 0.0, threshold = 0.7\n\n    @staticmethod\n    def assert_faithfulness(score: float, threshold: float = 0.7):\n        \"\"\"\n        Validate that the faithfulness score meets the minimum threshold.\n        \"\"\"\n        with allure.step(f\"Validate Faithfulness Score ≥ {threshold}\"):\n>           assert score > threshold, f\"❌ Faithfulness score too low: {score}. Expected > {threshold}\"\n                   ^^^^^^^^^^^^^^^^^\nE           AssertionError: ❌ Faithfulness score too low: 0.0. Expected > 0.7\n\n..\\utilities\\assertions.py:15: AssertionError"}, "description": "Validates that the model response remains faithful to the reference context for loyalty tier offers.", "steps": [{"name": "Calculate Faithfulness Score", "status": "passed", "attachments": [{"name": "User Input", "source": "4bd7bbf8-d886-4226-abd2-d65e8c93ea0f-attachment.txt", "type": "text/plain"}, {"name": "Retrieved Contexts", "source": "9ca0f83d-3a06-47e3-b16b-b0b986bc94e6-attachment.txt", "type": "text/plain"}, {"name": "Reference Response", "source": "266d736e-7b41-4d69-89ab-7c6f93be11f3-attachment.txt", "type": "text/plain"}, {"name": "Faithfulness Score", "source": "aca77a2b-1f49-4056-bc67-0afd2bab8846-attachment.txt", "type": "text/plain"}], "start": 1762673655709, "stop": 1762673666773}, {"name": "Faithfulness Score: 0.0", "status": "passed", "start": 1762673666773, "stop": 1762673666773}, {"name": "Validate Faithfulness Score ≥ 0.7", "status": "failed", "statusDetails": {"message": "AssertionError: ❌ Faithfulness score too low: 0.0. Expected > 0.7\n", "trace": "  File \"C:\\Users\\SG0704235\\PycharmProjects\\ragas-openai-pytest\\utilities\\assertions.py\", line 15, in assert_faithfulness\n    assert score > threshold, f\"❌ Faithfulness score too low: {score}. Expected > {threshold}\"\n           ^^^^^^^^^^^^^^^^^\n"}, "start": 1762673666773, "stop": 1762673666773}], "attachments": [{"name": "log", "source": "0eb00dc6-a99e-4e1d-9a1d-0d9ff8547b79-attachment.txt", "type": "text/plain"}, {"name": "stdout", "source": "2ec19c62-b07e-4cc9-9bd5-3205c5105127-attachment.txt", "type": "text/plain"}], "parameters": [{"name": "get_data", "value": "{'user_input': 'What happens in a two-passenger one-way scenario with FF numbers?', 'reference_contexts': ['A paid air order with FF# allows both passengers to receive discounted offers.'], 'reference': 'In a two-passenger one-way scenario, both passengers with FF numbers receive discounted offers, and EMD and AE are generated accordingly.', 'synthesizer_name': 'single_hop_specific_query_synthesizer'}"}], "start": 1762673655709, "stop": 1762673666776, "uuid": "920d1100-daf7-427b-8752-d688d00eea15", "historyId": "dafae3b24d98ce621d0212a7a35a5fb0", "testCaseId": "290b6c32cedca0eae21329c6285d711f", "fullName": "tests.test_loyalty_tier_offers.TestLoyaltyTierOffers#test_faithfulness", "labels": [{"name": "suite", "value": "Loyalty Tier Offers Evaluation Suite"}, {"name": "feature", "value": "Loyalty Tier Offers"}, {"name": "severity", "value": "critical"}, {"name": "tag", "value": "asyncio"}, {"name": "parentSuite", "value": "tests"}, {"name": "subSuite", "value": "TestLoyaltyTierOffers"}, {"name": "host", "value": "W4KPW724"}, {"name": "thread", "value": "27680-MainThread"}, {"name": "framework", "value": "pytest"}, {"name": "language", "value": "cpython3"}, {"name": "package", "value": "tests.test_loyalty_tier_offers"}], "titlePath": ["tests", "test_loyalty_tier_offers.py", "TestLoyaltyTierOffers"]}