{"name": "test_faithfulness[get_data5]", "status": "failed", "statusDetails": {"message": "AssertionError: ❌ Faithfulness score too low: 0.0. Expected > 0.7", "trace": "self = <tests.test_loyalty_tier_offers.TestLoyaltyTierOffers object at 0x0000023052738B60>\nget_llm_wrapper = LangchainLLMWrapper(langchain_llm=ChatOpenAI(...))\nget_data = SingleTurnSample(user_input='What validation mechanism ensures the accuracy of seat or ancillary offers during modific...uld use order version/timestamp validation to ensure consistency.', multi_responses=None, reference=None, rubrics=None)\nlogger = <Logger pytest_logger (DEBUG)>\n\n    @allure.severity(allure.severity_level.CRITICAL)\n    @allure.description(\n        \"Validates that the model response remains faithful to the reference context for loyalty tier offers.\")\n    @pytest.mark.asyncio\n    @pytest.mark.parametrize(\"get_data\", IronMan.load_test_data(feature_name), indirect=True)\n    async def test_faithfulness(self, get_llm_wrapper, get_data, logger):\n        \"\"\"\n        Test to validate faithfulness score using reusable helper class.\n        \"\"\"\n        evaluator = MetricsEvaluator(get_llm_wrapper)\n        score = await evaluator.get_faithfulness_score(get_data)\n        logger.info(f\"Faithfulness Score: {score}\")\n    \n        # Validation threshold\n>       Assertions.assert_faithfulness(score)\n\ntest_loyalty_tier_offers.py:29: \n_ _ _ _ _ _ _ _ _ _ _ _ _ _ _ _ _ _ _ _ _ _ _ _ _ _ _ _ _ _ _ _ _ _ _ _ _ _ _ _\n\nscore = 0.0, threshold = 0.7\n\n    @staticmethod\n    def assert_faithfulness(score: float, threshold: float = 0.7):\n        \"\"\"\n        Validate that the faithfulness score meets the minimum threshold.\n        \"\"\"\n        with allure.step(f\"Validate Faithfulness Score ≥ {threshold}\"):\n>           assert score > threshold, f\"❌ Faithfulness score too low: {score}. Expected > {threshold}\"\n                   ^^^^^^^^^^^^^^^^^\nE           AssertionError: ❌ Faithfulness score too low: 0.0. Expected > 0.7\n\n..\\utilities\\assertions.py:15: AssertionError"}, "description": "Validates that the model response remains faithful to the reference context for loyalty tier offers.", "steps": [{"name": "Calculate Faithfulness Score", "status": "passed", "attachments": [{"name": "User Input", "source": "67934ccd-1d1d-44bb-bf68-9b18e890aae5-attachment.txt", "type": "text/plain"}, {"name": "Retrieved Contexts", "source": "8b009696-465f-4b28-bcb8-7d01f00a553b-attachment.txt", "type": "text/plain"}, {"name": "Reference Response", "source": "41943807-0039-46c4-8141-99744f041f85-attachment.txt", "type": "text/plain"}, {"name": "Faithfulness Score", "source": "bf033ee2-776f-40c0-b266-2a55a9704a07-attachment.txt", "type": "text/plain"}], "start": 1762673676102, "stop": 1762673689013}, {"name": "Faithfulness Score: 0.0", "status": "passed", "start": 1762673689013, "stop": 1762673689013}, {"name": "Validate Faithfulness Score ≥ 0.7", "status": "failed", "statusDetails": {"message": "AssertionError: ❌ Faithfulness score too low: 0.0. Expected > 0.7\n", "trace": "  File \"C:\\Users\\SG0704235\\PycharmProjects\\ragas-openai-pytest\\utilities\\assertions.py\", line 15, in assert_faithfulness\n    assert score > threshold, f\"❌ Faithfulness score too low: {score}. Expected > {threshold}\"\n           ^^^^^^^^^^^^^^^^^\n"}, "start": 1762673689014, "stop": 1762673689014}], "attachments": [{"name": "log", "source": "36c49b6c-3862-4c01-a4ac-9dbef019db51-attachment.txt", "type": "text/plain"}, {"name": "stdout", "source": "d84e35ce-2ede-4469-aad1-5a9d9c1b11f1-attachment.txt", "type": "text/plain"}], "parameters": [{"name": "get_data", "value": "{'user_input': 'What validation mechanism ensures the accuracy of seat or ancillary offers during modifications?', 'reference_contexts': ['OMS should use order version/timestamp validation to ensure consistency.'], 'reference': 'Order version and timestamp validation in OMS ensures accuracy and consistency during seat or ancillary modifications.', 'synthesizer_name': 'single_hop_specific_query_synthesizer'}"}], "start": 1762673676102, "stop": 1762673689015, "uuid": "358d8f00-3244-4ab8-b95a-d7d78dd27bc8", "historyId": "d622e25f0f51260f2573ce02db823c22", "testCaseId": "290b6c32cedca0eae21329c6285d711f", "fullName": "tests.test_loyalty_tier_offers.TestLoyaltyTierOffers#test_faithfulness", "labels": [{"name": "suite", "value": "Loyalty Tier Offers Evaluation Suite"}, {"name": "feature", "value": "Loyalty Tier Offers"}, {"name": "severity", "value": "critical"}, {"name": "tag", "value": "asyncio"}, {"name": "parentSuite", "value": "tests"}, {"name": "subSuite", "value": "TestLoyaltyTierOffers"}, {"name": "host", "value": "W4KPW724"}, {"name": "thread", "value": "27680-MainThread"}, {"name": "framework", "value": "pytest"}, {"name": "language", "value": "cpython3"}, {"name": "package", "value": "tests.test_loyalty_tier_offers"}], "titlePath": ["tests", "test_loyalty_tier_offers.py", "TestLoyaltyTierOffers"]}