{"name": "test_faithfulness[get_singleturn_data4]", "status": "failed", "statusDetails": {"message": "AssertionError: ❌ Faithfulness score too low: 0.0. Expected > 0.7", "trace": "self = <tests.test_loyalty_tier_offers.TestLoyaltyTierOffers object at 0x000002259A32FF50>\nget_llm_wrapper = LangchainLLMWrapper(langchain_llm=ChatOpenAI(...))\nget_singleturn_data = SingleTurnSample(user_input='What happens in a two-passenger one-way scenario with FF numbers?', retrieved_contexts=['...der with FF# allows both passengers to receive discounted offers.', multi_responses=None, reference=None, rubrics=None)\nlogger = <Logger pytest_logger (DEBUG)>\n\n    @allure.severity(allure.severity_level.CRITICAL)\n    @allure.description(\n        \"Validates that the model response remains faithful to the reference context for loyalty tier offers.\")\n    @pytest.mark.asyncio\n    @pytest.mark.parametrize(\"get_singleturn_data\", IronMan.load_test_data(feature_name), indirect=True)\n    async def test_faithfulness(self, get_llm_wrapper, get_singleturn_data, logger):\n        \"\"\"\n        Test to validate faithfulness score using reusable helper class.\n        \"\"\"\n        evaluator = MetricsEvaluator(get_llm_wrapper)\n        score = await evaluator.get_faithfulness_score(get_singleturn_data)\n        logger.info(f\"Faithfulness Score: {score}\")\n    \n        # Validation threshold\n>       Assertions.assert_faithfulness(score)\n\ntest_loyalty_tier_offers.py:29: \n_ _ _ _ _ _ _ _ _ _ _ _ _ _ _ _ _ _ _ _ _ _ _ _ _ _ _ _ _ _ _ _ _ _ _ _ _ _ _ _\n\nscore = 0.0, threshold = 0.7\n\n    @staticmethod\n    def assert_faithfulness(score: float, threshold: float = 0.7):\n        \"\"\"\n        Validate that the faithfulness score meets the minimum threshold.\n        \"\"\"\n        with allure.step(f\"Validate Faithfulness Score ≥ {threshold}\"):\n>           assert score > threshold, f\"❌ Faithfulness score too low: {score}. Expected > {threshold}\"\n                   ^^^^^^^^^^^^^^^^^\nE           AssertionError: ❌ Faithfulness score too low: 0.0. Expected > 0.7\n\n..\\utilities\\assertions.py:15: AssertionError"}, "description": "Validates that the model response remains faithful to the reference context for loyalty tier offers.", "steps": [{"name": "Calculate Faithfulness Score", "status": "passed", "attachments": [{"name": "User Input", "source": "2bc07eb9-ac12-4bea-abc4-929935dc2987-attachment.txt", "type": "text/plain"}, {"name": "Retrieved Contexts", "source": "f9c8d11a-573c-47bc-a519-e39db5c4c28d-attachment.txt", "type": "text/plain"}, {"name": "Reference Response", "source": "68e25cb9-5654-433c-aeed-e5af0d734b60-attachment.txt", "type": "text/plain"}, {"name": "Faithfulness Score", "source": "db17c48e-6c10-4fde-b04c-86e1a5f7b5e8-attachment.txt", "type": "text/plain"}], "start": 1762675058510, "stop": 1762675070292}, {"name": "Faithfulness Score: 0.0", "status": "passed", "start": 1762675070293, "stop": 1762675070293}, {"name": "Validate Faithfulness Score ≥ 0.7", "status": "failed", "statusDetails": {"message": "AssertionError: ❌ Faithfulness score too low: 0.0. Expected > 0.7\n", "trace": "  File \"C:\\Users\\SG0704235\\PycharmProjects\\ragas-openai-pytest\\utilities\\assertions.py\", line 15, in assert_faithfulness\n    assert score > threshold, f\"❌ Faithfulness score too low: {score}. Expected > {threshold}\"\n           ^^^^^^^^^^^^^^^^^\n"}, "start": 1762675070293, "stop": 1762675070293}], "attachments": [{"name": "log", "source": "130b1c98-3694-4c30-afde-745619928622-attachment.txt", "type": "text/plain"}, {"name": "stdout", "source": "959e6fff-5060-4f9f-8964-0742ffdc0c37-attachment.txt", "type": "text/plain"}], "parameters": [{"name": "get_singleturn_data", "value": "{'user_input': 'What happens in a two-passenger one-way scenario with FF numbers?', 'reference_contexts': ['A paid air order with FF# allows both passengers to receive discounted offers.'], 'reference': 'In a two-passenger one-way scenario, both passengers with FF numbers receive discounted offers, and EMD and AE are generated accordingly.', 'synthesizer_name': 'single_hop_specific_query_synthesizer'}"}], "start": 1762675058510, "stop": 1762675070295, "uuid": "2f44cb1d-cdd3-420e-b17d-61f0cbc6f328", "historyId": "dafae3b24d98ce621d0212a7a35a5fb0", "testCaseId": "290b6c32cedca0eae21329c6285d711f", "fullName": "tests.test_loyalty_tier_offers.TestLoyaltyTierOffers#test_faithfulness", "labels": [{"name": "severity", "value": "critical"}, {"name": "suite", "value": "Loyalty Tier Offers Evaluation Suite"}, {"name": "feature", "value": "Loyalty Tier Offers"}, {"name": "tag", "value": "asyncio"}, {"name": "parentSuite", "value": "tests"}, {"name": "subSuite", "value": "TestLoyaltyTierOffers"}, {"name": "host", "value": "W4KPW724"}, {"name": "thread", "value": "10228-MainThread"}, {"name": "framework", "value": "pytest"}, {"name": "language", "value": "cpython3"}, {"name": "package", "value": "tests.test_loyalty_tier_offers"}], "titlePath": ["tests", "test_loyalty_tier_offers.py", "TestLoyaltyTierOffers"]}