{"name": "test_faithfulness[get_data2]", "status": "failed", "statusDetails": {"message": "AssertionError: ❌ Faithfulness score too low: 0.0. Expected > 0.7", "trace": "self = <tests.test_loyalty_tier_offers.TestLoyaltyTierOffers object at 0x00000230526BA030>\nget_llm_wrapper = LangchainLLMWrapper(langchain_llm=ChatOpenAI(...))\nget_data = SingleTurnSample(user_input='In a round trip for a single passenger with an FF#, what should the system do?', retrieve... ancillaries at a discounted price based on the passenger’s tier.', multi_responses=None, reference=None, rubrics=None)\nlogger = <Logger pytest_logger (DEBUG)>\n\n    @allure.severity(allure.severity_level.CRITICAL)\n    @allure.description(\n        \"Validates that the model response remains faithful to the reference context for loyalty tier offers.\")\n    @pytest.mark.asyncio\n    @pytest.mark.parametrize(\"get_data\", IronMan.load_test_data(feature_name), indirect=True)\n    async def test_faithfulness(self, get_llm_wrapper, get_data, logger):\n        \"\"\"\n        Test to validate faithfulness score using reusable helper class.\n        \"\"\"\n        evaluator = MetricsEvaluator(get_llm_wrapper)\n        score = await evaluator.get_faithfulness_score(get_data)\n        logger.info(f\"Faithfulness Score: {score}\")\n    \n        # Validation threshold\n>       Assertions.assert_faithfulness(score)\n\ntest_loyalty_tier_offers.py:29: \n_ _ _ _ _ _ _ _ _ _ _ _ _ _ _ _ _ _ _ _ _ _ _ _ _ _ _ _ _ _ _ _ _ _ _ _ _ _ _ _\n\nscore = 0.0, threshold = 0.7\n\n    @staticmethod\n    def assert_faithfulness(score: float, threshold: float = 0.7):\n        \"\"\"\n        Validate that the faithfulness score meets the minimum threshold.\n        \"\"\"\n        with allure.step(f\"Validate Faithfulness Score ≥ {threshold}\"):\n>           assert score > threshold, f\"❌ Faithfulness score too low: {score}. Expected > {threshold}\"\n                   ^^^^^^^^^^^^^^^^^\nE           AssertionError: ❌ Faithfulness score too low: 0.0. Expected > 0.7\n\n..\\utilities\\assertions.py:15: AssertionError"}, "description": "Validates that the model response remains faithful to the reference context for loyalty tier offers.", "steps": [{"name": "Calculate Faithfulness Score", "status": "passed", "attachments": [{"name": "User Input", "source": "ab84191f-ac84-4fcd-9680-ca2a478f0614-attachment.txt", "type": "text/plain"}, {"name": "Retrieved Contexts", "source": "f06a9bb1-4729-4a5e-ba9e-4232963b34bb-attachment.txt", "type": "text/plain"}, {"name": "Reference Response", "source": "012fa3c2-d8c9-4d1b-b98b-019ac0931e11-attachment.txt", "type": "text/plain"}, {"name": "Faithfulness Score", "source": "8b3deda7-f6f7-4f09-9a6e-d9e2b486bd41-attachment.txt", "type": "text/plain"}], "start": 1762673594625, "stop": 1762673610463}, {"name": "Faithfulness Score: 0.0", "status": "passed", "start": 1762673610463, "stop": 1762673610463}, {"name": "Validate Faithfulness Score ≥ 0.7", "status": "failed", "statusDetails": {"message": "AssertionError: ❌ Faithfulness score too low: 0.0. Expected > 0.7\n", "trace": "  File \"C:\\Users\\SG0704235\\PycharmProjects\\ragas-openai-pytest\\utilities\\assertions.py\", line 15, in assert_faithfulness\n    assert score > threshold, f\"❌ Faithfulness score too low: {score}. Expected > {threshold}\"\n           ^^^^^^^^^^^^^^^^^\n"}, "start": 1762673610463, "stop": 1762673610463}], "attachments": [{"name": "log", "source": "c9f4138d-8d02-4291-b4df-506d149083aa-attachment.txt", "type": "text/plain"}, {"name": "stdout", "source": "d8be730c-6d16-4fe3-bdd5-f554f8248204-attachment.txt", "type": "text/plain"}], "parameters": [{"name": "get_data", "value": "{'user_input': 'In a round trip for a single passenger with an FF#, what should the system do?', 'reference_contexts': ['A paid air order with an FF# allows the user to add seats and ancillaries at a discounted price based on the passenger’s tier.'], 'reference': 'For a single passenger round trip with an FF#, the system should allow adding seats and ancillaries at discounted prices according to the passenger’s tier.', 'synthesizer_name': 'single_hop_specific_query_synthesizer'}"}], "start": 1762673594625, "stop": 1762673610465, "uuid": "eafb0b5c-6162-4954-af04-51042e7fbbde", "historyId": "55a0d2dbd7ae4ee21bbfebce1a42ff3a", "testCaseId": "290b6c32cedca0eae21329c6285d711f", "fullName": "tests.test_loyalty_tier_offers.TestLoyaltyTierOffers#test_faithfulness", "labels": [{"name": "suite", "value": "Loyalty Tier Offers Evaluation Suite"}, {"name": "feature", "value": "Loyalty Tier Offers"}, {"name": "severity", "value": "critical"}, {"name": "tag", "value": "asyncio"}, {"name": "parentSuite", "value": "tests"}, {"name": "subSuite", "value": "TestLoyaltyTierOffers"}, {"name": "host", "value": "W4KPW724"}, {"name": "thread", "value": "27680-MainThread"}, {"name": "framework", "value": "pytest"}, {"name": "language", "value": "cpython3"}, {"name": "package", "value": "tests.test_loyalty_tier_offers"}], "titlePath": ["tests", "test_loyalty_tier_offers.py", "TestLoyaltyTierOffers"]}