{"name": "test_faithfulness[get_singleturn_data1]", "status": "failed", "statusDetails": {"message": "AssertionError: ❌ Faithfulness score too low: 0.0. Expected > 0.7", "trace": "self = <tests.test_loyalty_tier_offers.TestLoyaltyTierOffers object at 0x000002259A345B80>\nget_llm_wrapper = LangchainLLMWrapper(langchain_llm=ChatOpenAI(...))\nget_singleturn_data = SingleTurnSample(user_input='What happens when a seat or ancillary is free for a passenger?', retrieved_contexts=['Whe... are free (0.00), only AE is generated with HK1/CONFIRMED status.', multi_responses=None, reference=None, rubrics=None)\nlogger = <Logger pytest_logger (DEBUG)>\n\n    @allure.severity(allure.severity_level.CRITICAL)\n    @allure.description(\n        \"Validates that the model response remains faithful to the reference context for loyalty tier offers.\")\n    @pytest.mark.asyncio\n    @pytest.mark.parametrize(\"get_singleturn_data\", IronMan.load_test_data(feature_name), indirect=True)\n    async def test_faithfulness(self, get_llm_wrapper, get_singleturn_data, logger):\n        \"\"\"\n        Test to validate faithfulness score using reusable helper class.\n        \"\"\"\n        evaluator = MetricsEvaluator(get_llm_wrapper)\n        score = await evaluator.get_faithfulness_score(get_singleturn_data)\n        logger.info(f\"Faithfulness Score: {score}\")\n    \n        # Validation threshold\n>       Assertions.assert_faithfulness(score)\n\ntest_loyalty_tier_offers.py:29: \n_ _ _ _ _ _ _ _ _ _ _ _ _ _ _ _ _ _ _ _ _ _ _ _ _ _ _ _ _ _ _ _ _ _ _ _ _ _ _ _\n\nscore = 0.0, threshold = 0.7\n\n    @staticmethod\n    def assert_faithfulness(score: float, threshold: float = 0.7):\n        \"\"\"\n        Validate that the faithfulness score meets the minimum threshold.\n        \"\"\"\n        with allure.step(f\"Validate Faithfulness Score ≥ {threshold}\"):\n>           assert score > threshold, f\"❌ Faithfulness score too low: {score}. Expected > {threshold}\"\n                   ^^^^^^^^^^^^^^^^^\nE           AssertionError: ❌ Faithfulness score too low: 0.0. Expected > 0.7\n\n..\\utilities\\assertions.py:15: AssertionError"}, "description": "Validates that the model response remains faithful to the reference context for loyalty tier offers.", "steps": [{"name": "Calculate Faithfulness Score", "status": "passed", "attachments": [{"name": "User Input", "source": "2e54b57a-2c2b-4035-b281-a535645eb62c-attachment.txt", "type": "text/plain"}, {"name": "Retrieved Contexts", "source": "411aae5a-f5ae-418d-8f0f-7a68cabb2f1e-attachment.txt", "type": "text/plain"}, {"name": "Reference Response", "source": "2d821074-4661-4e1b-a7f8-2943832818f2-attachment.txt", "type": "text/plain"}, {"name": "Faithfulness Score", "source": "49a00f14-a3ed-4384-870e-21eab5d43638-attachment.txt", "type": "text/plain"}], "start": 1762674962786, "stop": 1762674976640}, {"name": "Faithfulness Score: 0.0", "status": "passed", "start": 1762674976640, "stop": 1762674976640}, {"name": "Validate Faithfulness Score ≥ 0.7", "status": "failed", "statusDetails": {"message": "AssertionError: ❌ Faithfulness score too low: 0.0. Expected > 0.7\n", "trace": "  File \"C:\\Users\\SG0704235\\PycharmProjects\\ragas-openai-pytest\\utilities\\assertions.py\", line 15, in assert_faithfulness\n    assert score > threshold, f\"❌ Faithfulness score too low: {score}. Expected > {threshold}\"\n           ^^^^^^^^^^^^^^^^^\n"}, "start": 1762674976641, "stop": 1762674976641}], "attachments": [{"name": "log", "source": "9d96cda2-8bb4-4506-bbe0-d3b879cf2cda-attachment.txt", "type": "text/plain"}, {"name": "stdout", "source": "bc0939a2-ff86-4ca5-b60f-6a18a056162d-attachment.txt", "type": "text/plain"}], "parameters": [{"name": "get_singleturn_data", "value": "{'user_input': 'What happens when a seat or ancillary is free for a passenger?', 'reference_contexts': ['If seats/ancillaries are free (0.00), only AE is generated with HK1/CONFIRMED status.'], 'reference': 'When a seat or ancillary is free, only an AE is generated with HK1/CONFIRMED status, and no EMD is issued.', 'synthesizer_name': 'single_hop_specific_query_synthesizer'}"}], "start": 1762674962786, "stop": 1762674976642, "uuid": "3aae1d49-6668-44a5-b536-9654c57ebe2d", "historyId": "90ddb12cbf781bbe70d7eaf0318a4d36", "testCaseId": "290b6c32cedca0eae21329c6285d711f", "fullName": "tests.test_loyalty_tier_offers.TestLoyaltyTierOffers#test_faithfulness", "labels": [{"name": "severity", "value": "critical"}, {"name": "suite", "value": "Loyalty Tier Offers Evaluation Suite"}, {"name": "feature", "value": "Loyalty Tier Offers"}, {"name": "tag", "value": "asyncio"}, {"name": "parentSuite", "value": "tests"}, {"name": "subSuite", "value": "TestLoyaltyTierOffers"}, {"name": "host", "value": "W4KPW724"}, {"name": "thread", "value": "10228-MainThread"}, {"name": "framework", "value": "pytest"}, {"name": "language", "value": "cpython3"}, {"name": "package", "value": "tests.test_loyalty_tier_offers"}], "titlePath": ["tests", "test_loyalty_tier_offers.py", "TestLoyaltyTierOffers"]}