{"name": "test_faithfulness[get_data1]", "status": "failed", "statusDetails": {"message": "AssertionError: ❌ Faithfulness score too low: 0.0. Expected > 0.7", "trace": "self = <tests.test_loyalty_tier_offers.TestLoyaltyTierOffers object at 0x00000230526BBD40>\nget_llm_wrapper = LangchainLLMWrapper(langchain_llm=ChatOpenAI(...))\nget_data = SingleTurnSample(user_input='What happens when a seat or ancillary is free for a passenger?', retrieved_contexts=[\"Whe... are free (0.00), only AE is generated with HK1/CONFIRMED status.', multi_responses=None, reference=None, rubrics=None)\nlogger = <Logger pytest_logger (DEBUG)>\n\n    @allure.severity(allure.severity_level.CRITICAL)\n    @allure.description(\n        \"Validates that the model response remains faithful to the reference context for loyalty tier offers.\")\n    @pytest.mark.asyncio\n    @pytest.mark.parametrize(\"get_data\", IronMan.load_test_data(feature_name), indirect=True)\n    async def test_faithfulness(self, get_llm_wrapper, get_data, logger):\n        \"\"\"\n        Test to validate faithfulness score using reusable helper class.\n        \"\"\"\n        evaluator = MetricsEvaluator(get_llm_wrapper)\n        score = await evaluator.get_faithfulness_score(get_data)\n        logger.info(f\"Faithfulness Score: {score}\")\n    \n        # Validation threshold\n>       Assertions.assert_faithfulness(score)\n\ntest_loyalty_tier_offers.py:29: \n_ _ _ _ _ _ _ _ _ _ _ _ _ _ _ _ _ _ _ _ _ _ _ _ _ _ _ _ _ _ _ _ _ _ _ _ _ _ _ _\n\nscore = 0.0, threshold = 0.7\n\n    @staticmethod\n    def assert_faithfulness(score: float, threshold: float = 0.7):\n        \"\"\"\n        Validate that the faithfulness score meets the minimum threshold.\n        \"\"\"\n        with allure.step(f\"Validate Faithfulness Score ≥ {threshold}\"):\n>           assert score > threshold, f\"❌ Faithfulness score too low: {score}. Expected > {threshold}\"\n                   ^^^^^^^^^^^^^^^^^\nE           AssertionError: ❌ Faithfulness score too low: 0.0. Expected > 0.7\n\n..\\utilities\\assertions.py:15: AssertionError"}, "description": "Validates that the model response remains faithful to the reference context for loyalty tier offers.", "steps": [{"name": "Calculate Faithfulness Score", "status": "passed", "attachments": [{"name": "User Input", "source": "dee93d58-e50e-4092-83d1-42e5bc2ef139-attachment.txt", "type": "text/plain"}, {"name": "Retrieved Contexts", "source": "fd5522d2-b691-431a-a54e-b9f27a3ce76f-attachment.txt", "type": "text/plain"}, {"name": "Reference Response", "source": "6a449e2e-0a4f-4ad7-affc-02e466e2fe6f-attachment.txt", "type": "text/plain"}, {"name": "Faithfulness Score", "source": "a9262bdd-2ea0-455a-8665-1225d46d9ae0-attachment.txt", "type": "text/plain"}], "start": 1762673561506, "stop": 1762673576161}, {"name": "Faithfulness Score: 0.0", "status": "passed", "start": 1762673576161, "stop": 1762673576161}, {"name": "Validate Faithfulness Score ≥ 0.7", "status": "failed", "statusDetails": {"message": "AssertionError: ❌ Faithfulness score too low: 0.0. Expected > 0.7\n", "trace": "  File \"C:\\Users\\SG0704235\\PycharmProjects\\ragas-openai-pytest\\utilities\\assertions.py\", line 15, in assert_faithfulness\n    assert score > threshold, f\"❌ Faithfulness score too low: {score}. Expected > {threshold}\"\n           ^^^^^^^^^^^^^^^^^\n"}, "start": 1762673576162, "stop": 1762673576162}], "attachments": [{"name": "log", "source": "99398f5e-879d-46f8-9447-91bd11926f9a-attachment.txt", "type": "text/plain"}, {"name": "stdout", "source": "f6ef1611-7951-4c24-a292-8626d0922366-attachment.txt", "type": "text/plain"}], "parameters": [{"name": "get_data", "value": "{'user_input': 'What happens when a seat or ancillary is free for a passenger?', 'reference_contexts': ['If seats/ancillaries are free (0.00), only AE is generated with HK1/CONFIRMED status.'], 'reference': 'When a seat or ancillary is free, only an AE is generated with HK1/CONFIRMED status, and no EMD is issued.', 'synthesizer_name': 'single_hop_specific_query_synthesizer'}"}], "start": 1762673561505, "stop": 1762673576165, "uuid": "c62a35ec-5811-46c3-82cc-9da898d272df", "historyId": "90ddb12cbf781bbe70d7eaf0318a4d36", "testCaseId": "290b6c32cedca0eae21329c6285d711f", "fullName": "tests.test_loyalty_tier_offers.TestLoyaltyTierOffers#test_faithfulness", "labels": [{"name": "suite", "value": "Loyalty Tier Offers Evaluation Suite"}, {"name": "feature", "value": "Loyalty Tier Offers"}, {"name": "severity", "value": "critical"}, {"name": "tag", "value": "asyncio"}, {"name": "parentSuite", "value": "tests"}, {"name": "subSuite", "value": "TestLoyaltyTierOffers"}, {"name": "host", "value": "W4KPW724"}, {"name": "thread", "value": "27680-MainThread"}, {"name": "framework", "value": "pytest"}, {"name": "language", "value": "cpython3"}, {"name": "package", "value": "tests.test_loyalty_tier_offers"}], "titlePath": ["tests", "test_loyalty_tier_offers.py", "TestLoyaltyTierOffers"]}