{"name": "test_faithfulness[get_data6]", "status": "failed", "statusDetails": {"message": "AssertionError: ❌ Faithfulness score too low: 0.0. Expected > 0.7", "trace": "self = <tests.test_loyalty_tier_offers.TestLoyaltyTierOffers object at 0x0000023052738D10>\nget_llm_wrapper = LangchainLLMWrapper(langchain_llm=ChatOpenAI(...))\nget_data = SingleTurnSample(user_input='What should happen when adding seats or ancillaries to an existing order?', retrieved_con...prepared for a specific order with a specific FF# and tier level.', multi_responses=None, reference=None, rubrics=None)\nlogger = <Logger pytest_logger (DEBUG)>\n\n    @allure.severity(allure.severity_level.CRITICAL)\n    @allure.description(\n        \"Validates that the model response remains faithful to the reference context for loyalty tier offers.\")\n    @pytest.mark.asyncio\n    @pytest.mark.parametrize(\"get_data\", IronMan.load_test_data(feature_name), indirect=True)\n    async def test_faithfulness(self, get_llm_wrapper, get_data, logger):\n        \"\"\"\n        Test to validate faithfulness score using reusable helper class.\n        \"\"\"\n        evaluator = MetricsEvaluator(get_llm_wrapper)\n        score = await evaluator.get_faithfulness_score(get_data)\n        logger.info(f\"Faithfulness Score: {score}\")\n    \n        # Validation threshold\n>       Assertions.assert_faithfulness(score)\n\ntest_loyalty_tier_offers.py:29: \n_ _ _ _ _ _ _ _ _ _ _ _ _ _ _ _ _ _ _ _ _ _ _ _ _ _ _ _ _ _ _ _ _ _ _ _ _ _ _ _\n\nscore = 0.0, threshold = 0.7\n\n    @staticmethod\n    def assert_faithfulness(score: float, threshold: float = 0.7):\n        \"\"\"\n        Validate that the faithfulness score meets the minimum threshold.\n        \"\"\"\n        with allure.step(f\"Validate Faithfulness Score ≥ {threshold}\"):\n>           assert score > threshold, f\"❌ Faithfulness score too low: {score}. Expected > {threshold}\"\n                   ^^^^^^^^^^^^^^^^^\nE           AssertionError: ❌ Faithfulness score too low: 0.0. Expected > 0.7\n\n..\\utilities\\assertions.py:15: AssertionError"}, "description": "Validates that the model response remains faithful to the reference context for loyalty tier offers.", "steps": [{"name": "Calculate Faithfulness Score", "status": "passed", "attachments": [{"name": "User Input", "source": "ac7f8c04-b96b-423b-adaf-af5cbc40d75b-attachment.txt", "type": "text/plain"}, {"name": "Retrieved Contexts", "source": "1b9270d6-f4b7-43db-a39d-63f5a33ef6e7-attachment.txt", "type": "text/plain"}, {"name": "Reference Response", "source": "dfba96f0-23df-496d-8f3f-525a16764ec0-attachment.txt", "type": "text/plain"}, {"name": "Faithfulness Score", "source": "fdd9aaeb-c088-494a-acfa-6e6163e95ad5-attachment.txt", "type": "text/plain"}], "start": 1762673696169, "stop": 1762673712743}, {"name": "Faithfulness Score: 0.0", "status": "passed", "start": 1762673712743, "stop": 1762673712743}, {"name": "Validate Faithfulness Score ≥ 0.7", "status": "failed", "statusDetails": {"message": "AssertionError: ❌ Faithfulness score too low: 0.0. Expected > 0.7\n", "trace": "  File \"C:\\Users\\SG0704235\\PycharmProjects\\ragas-openai-pytest\\utilities\\assertions.py\", line 15, in assert_faithfulness\n    assert score > threshold, f\"❌ Faithfulness score too low: {score}. Expected > {threshold}\"\n           ^^^^^^^^^^^^^^^^^\n"}, "start": 1762673712744, "stop": 1762673712744}], "attachments": [{"name": "log", "source": "731b9c1c-cebe-46f4-b6fd-7fa9ea8115dd-attachment.txt", "type": "text/plain"}, {"name": "stdout", "source": "0954e6bb-eca3-48e9-82e0-737fba9d62f3-attachment.txt", "type": "text/plain"}], "parameters": [{"name": "get_data", "value": "{'user_input': 'What should happen when adding seats or ancillaries to an existing order?', 'reference_contexts': ['Offers must be prepared for a specific order with a specific FF# and tier level.'], 'reference': 'When adding seats or ancillaries, offers must be generated specifically for the order and linked to the passenger’s FF# and tier level.', 'synthesizer_name': 'single_hop_specific_query_synthesizer'}"}], "start": 1762673696169, "stop": 1762673712746, "uuid": "11b20d4e-7b8b-4d3b-8e37-4d6069795807", "historyId": "b553fa023f921f3c6e892665378859f2", "testCaseId": "290b6c32cedca0eae21329c6285d711f", "fullName": "tests.test_loyalty_tier_offers.TestLoyaltyTierOffers#test_faithfulness", "labels": [{"name": "suite", "value": "Loyalty Tier Offers Evaluation Suite"}, {"name": "feature", "value": "Loyalty Tier Offers"}, {"name": "severity", "value": "critical"}, {"name": "tag", "value": "asyncio"}, {"name": "parentSuite", "value": "tests"}, {"name": "subSuite", "value": "TestLoyaltyTierOffers"}, {"name": "host", "value": "W4KPW724"}, {"name": "thread", "value": "27680-MainThread"}, {"name": "framework", "value": "pytest"}, {"name": "language", "value": "cpython3"}, {"name": "package", "value": "tests.test_loyalty_tier_offers"}], "titlePath": ["tests", "test_loyalty_tier_offers.py", "TestLoyaltyTierOffers"]}