{"name": "test_faithfulness[get_singleturn_data5]", "status": "failed", "statusDetails": {"message": "AssertionError: ❌ Faithfulness score too low: 0.0. Expected > 0.7", "trace": "self = <tests.test_loyalty_tier_offers.TestLoyaltyTierOffers object at 0x000002259A3A89B0>\nget_llm_wrapper = LangchainLLMWrapper(langchain_llm=ChatOpenAI(...))\nget_singleturn_data = SingleTurnSample(user_input='What validation mechanism ensures the accuracy of seat or ancillary offers during modific...uld use order version/timestamp validation to ensure consistency.', multi_responses=None, reference=None, rubrics=None)\nlogger = <Logger pytest_logger (DEBUG)>\n\n    @allure.severity(allure.severity_level.CRITICAL)\n    @allure.description(\n        \"Validates that the model response remains faithful to the reference context for loyalty tier offers.\")\n    @pytest.mark.asyncio\n    @pytest.mark.parametrize(\"get_singleturn_data\", IronMan.load_test_data(feature_name), indirect=True)\n    async def test_faithfulness(self, get_llm_wrapper, get_singleturn_data, logger):\n        \"\"\"\n        Test to validate faithfulness score using reusable helper class.\n        \"\"\"\n        evaluator = MetricsEvaluator(get_llm_wrapper)\n        score = await evaluator.get_faithfulness_score(get_singleturn_data)\n        logger.info(f\"Faithfulness Score: {score}\")\n    \n        # Validation threshold\n>       Assertions.assert_faithfulness(score)\n\ntest_loyalty_tier_offers.py:29: \n_ _ _ _ _ _ _ _ _ _ _ _ _ _ _ _ _ _ _ _ _ _ _ _ _ _ _ _ _ _ _ _ _ _ _ _ _ _ _ _\n\nscore = 0.0, threshold = 0.7\n\n    @staticmethod\n    def assert_faithfulness(score: float, threshold: float = 0.7):\n        \"\"\"\n        Validate that the faithfulness score meets the minimum threshold.\n        \"\"\"\n        with allure.step(f\"Validate Faithfulness Score ≥ {threshold}\"):\n>           assert score > threshold, f\"❌ Faithfulness score too low: {score}. Expected > {threshold}\"\n                   ^^^^^^^^^^^^^^^^^\nE           AssertionError: ❌ Faithfulness score too low: 0.0. Expected > 0.7\n\n..\\utilities\\assertions.py:15: AssertionError"}, "description": "Validates that the model response remains faithful to the reference context for loyalty tier offers.", "steps": [{"name": "Calculate Faithfulness Score", "status": "passed", "attachments": [{"name": "User Input", "source": "f885496a-1a41-471c-ae16-c2907d2e8797-attachment.txt", "type": "text/plain"}, {"name": "Retrieved Contexts", "source": "152ab576-af6d-4fa7-81b4-779d444e118e-attachment.txt", "type": "text/plain"}, {"name": "Reference Response", "source": "2f6b2f7d-b509-4e35-a0c8-29e3973755e7-attachment.txt", "type": "text/plain"}, {"name": "Faithfulness Score", "source": "8683af6c-2d64-48f9-bf90-b2ac77a34f61-attachment.txt", "type": "text/plain"}], "start": 1762675080932, "stop": 1762675095687}, {"name": "Faithfulness Score: 0.0", "status": "passed", "start": 1762675095687, "stop": 1762675095687}, {"name": "Validate Faithfulness Score ≥ 0.7", "status": "failed", "statusDetails": {"message": "AssertionError: ❌ Faithfulness score too low: 0.0. Expected > 0.7\n", "trace": "  File \"C:\\Users\\SG0704235\\PycharmProjects\\ragas-openai-pytest\\utilities\\assertions.py\", line 15, in assert_faithfulness\n    assert score > threshold, f\"❌ Faithfulness score too low: {score}. Expected > {threshold}\"\n           ^^^^^^^^^^^^^^^^^\n"}, "start": 1762675095688, "stop": 1762675095688}], "attachments": [{"name": "log", "source": "e337226e-c6fc-483c-b085-348ee6621b27-attachment.txt", "type": "text/plain"}, {"name": "stdout", "source": "c1e0e96a-403d-4412-9763-20f9ff5a5a9e-attachment.txt", "type": "text/plain"}], "parameters": [{"name": "get_singleturn_data", "value": "{'user_input': 'What validation mechanism ensures the accuracy of seat or ancillary offers during modifications?', 'reference_contexts': ['OMS should use order version/timestamp validation to ensure consistency.'], 'reference': 'Order version and timestamp validation in OMS ensures accuracy and consistency during seat or ancillary modifications.', 'synthesizer_name': 'single_hop_specific_query_synthesizer'}"}], "start": 1762675080932, "stop": 1762675095690, "uuid": "2a0c930c-0839-4f79-8b92-ec92e862f323", "historyId": "d622e25f0f51260f2573ce02db823c22", "testCaseId": "290b6c32cedca0eae21329c6285d711f", "fullName": "tests.test_loyalty_tier_offers.TestLoyaltyTierOffers#test_faithfulness", "labels": [{"name": "severity", "value": "critical"}, {"name": "suite", "value": "Loyalty Tier Offers Evaluation Suite"}, {"name": "feature", "value": "Loyalty Tier Offers"}, {"name": "tag", "value": "asyncio"}, {"name": "parentSuite", "value": "tests"}, {"name": "subSuite", "value": "TestLoyaltyTierOffers"}, {"name": "host", "value": "W4KPW724"}, {"name": "thread", "value": "10228-MainThread"}, {"name": "framework", "value": "pytest"}, {"name": "language", "value": "cpython3"}, {"name": "package", "value": "tests.test_loyalty_tier_offers"}], "titlePath": ["tests", "test_loyalty_tier_offers.py", "TestLoyaltyTierOffers"]}